The system is: Linux - 3.8.0-23-generic - i686
Compiling the C compiler identification source file "CMakeCCompilerId.c" succeeded.
Compiler: /usr/bin/cc 
Build flags: 
Id flags: 

The output was:
0


Compilation of the C compiler identification source "CMakeCCompilerId.c" produced "a.out"

The C compiler identification is GNU, found in "/home/kasutaja/Downloads/okulardev/okular/build/CMakeFiles/2.8.10.1/CompilerIdC/a.out"

Compiling the CXX compiler identification source file "CMakeCXXCompilerId.cpp" succeeded.
Compiler: /usr/bin/c++ 
Build flags: 
Id flags: 

The output was:
0


Compilation of the CXX compiler identification source "CMakeCXXCompilerId.cpp" produced "a.out"

The CXX compiler identification is GNU, found in "/home/kasutaja/Downloads/okulardev/okular/build/CMakeFiles/2.8.10.1/CompilerIdCXX/a.out"

Determining if the C compiler works passed with the following output:
Change Dir: /home/kasutaja/Downloads/okulardev/okular/build/CMakeFiles/CMakeTmp

Run Build Command:/usr/bin/make "cmTryCompileExec984601582/fast"
/usr/bin/make -f CMakeFiles/cmTryCompileExec984601582.dir/build.make CMakeFiles/cmTryCompileExec984601582.dir/build
make[1]: Entering directory `/home/kasutaja/Downloads/okulardev/okular/build/CMakeFiles/CMakeTmp'
/usr/bin/cmake -E cmake_progress_report /home/kasutaja/Downloads/okulardev/okular/build/CMakeFiles/CMakeTmp/CMakeFiles 1
Building C object CMakeFiles/cmTryCompileExec984601582.dir/testCCompiler.c.o
/usr/bin/cc    -o CMakeFiles/cmTryCompileExec984601582.dir/testCCompiler.c.o   -c /home/kasutaja/Downloads/okulardev/okular/build/CMakeFiles/CMakeTmp/testCCompiler.c
Linking C executable cmTryCompileExec984601582
/usr/bin/cmake -E cmake_link_script CMakeFiles/cmTryCompileExec984601582.dir/link.txt --verbose=1
/usr/bin/cc         CMakeFiles/cmTryCompileExec984601582.dir/testCCompiler.c.o  -o cmTryCompileExec984601582 -rdynamic 
make[1]: Leaving directory `/home/kasutaja/Downloads/okulardev/okular/build/CMakeFiles/CMakeTmp'


Detecting C compiler ABI info compiled with the following output:
Change Dir: /home/kasutaja/Downloads/okulardev/okular/build/CMakeFiles/CMakeTmp

Run Build Command:/usr/bin/make "cmTryCompileExec3496295682/fast"
/usr/bin/make -f CMakeFiles/cmTryCompileExec3496295682.dir/build.make CMakeFiles/cmTryCompileExec3496295682.dir/build
make[1]: Entering directory `/home/kasutaja/Downloads/okulardev/okular/build/CMakeFiles/CMakeTmp'
/usr/bin/cmake -E cmake_progress_report /home/kasutaja/Downloads/okulardev/okular/build/CMakeFiles/CMakeTmp/CMakeFiles 1
Building C object CMakeFiles/cmTryCompileExec3496295682.dir/CMakeCCompilerABI.c.o
/usr/bin/cc    -o CMakeFiles/cmTryCompileExec3496295682.dir/CMakeCCompilerABI.c.o   -c /usr/share/cmake-2.8/Modules/CMakeCCompilerABI.c
Linking C executable cmTryCompileExec3496295682
/usr/bin/cmake -E cmake_link_script CMakeFiles/cmTryCompileExec3496295682.dir/link.txt --verbose=1
/usr/bin/cc       -v CMakeFiles/cmTryCompileExec3496295682.dir/CMakeCCompilerABI.c.o  -o cmTryCompileExec3496295682 -rdynamic  
Using built-in specs.
COLLECT_GCC=/usr/bin/cc
COLLECT_LTO_WRAPPER=/usr/lib/gcc/i686-linux-gnu/4.7/lto-wrapper
Target: i686-linux-gnu
Configured with: ../src/configure -v --with-pkgversion='Ubuntu/Linaro 4.7.3-1ubuntu1' --with-bugurl=file:///usr/share/doc/gcc-4.7/README.Bugs --enable-languages=c,c++,go,fortran,objc,obj-c++ --prefix=/usr --program-suffix=-4.7 --enable-shared --enable-linker-build-id --libexecdir=/usr/lib --without-included-gettext --enable-threads=posix --with-gxx-include-dir=/usr/include/c++/4.7 --libdir=/usr/lib --enable-nls --with-sysroot=/ --enable-clocale=gnu --enable-libstdcxx-debug --enable-libstdcxx-time=yes --enable-gnu-unique-object --enable-plugin --with-system-zlib --enable-objc-gc --enable-targets=all --with-cloog --enable-cloog-backend=ppl --disable-cloog-version-check --disable-ppl-version-check --enable-multiarch --disable-werror --with-arch-32=i686 --with-multilib-list=m32,m64,mx32 --with-tune=generic --enable-checking=release --build=i686-linux-gnu --host=i686-linux-gnu --target=i686-linux-gnu
Thread model: posix
gcc version 4.7.3 (Ubuntu/Linaro 4.7.3-1ubuntu1) 
COMPILER_PATH=/usr/lib/gcc/i686-linux-gnu/4.7/:/usr/lib/gcc/i686-linux-gnu/4.7/:/usr/lib/gcc/i686-linux-gnu/:/usr/lib/gcc/i686-linux-gnu/4.7/:/usr/lib/gcc/i686-linux-gnu/
LIBRARY_PATH=/usr/lib/gcc/i686-linux-gnu/4.7/:/usr/lib/gcc/i686-linux-gnu/4.7/../../../i386-linux-gnu/:/usr/lib/gcc/i686-linux-gnu/4.7/../../../../lib/:/lib/i386-linux-gnu/:/lib/../lib/:/usr/lib/i386-linux-gnu/:/usr/lib/../lib/:/usr/lib/gcc/i686-linux-gnu/4.7/../../../:/lib/:/usr/lib/
COLLECT_GCC_OPTIONS='-v' '-o' 'cmTryCompileExec3496295682' '-rdynamic' '-mtune=generic' '-march=i686'
 /usr/lib/gcc/i686-linux-gnu/4.7/collect2 --sysroot=/ --build-id --eh-frame-hdr -m elf_i386 --hash-style=gnu --as-needed -export-dynamic -dynamic-linker /lib/ld-linux.so.2 -z relro -o cmTryCompileExec3496295682 /usr/lib/gcc/i686-linux-gnu/4.7/../../../i386-linux-gnu/crt1.o /usr/lib/gcc/i686-linux-gnu/4.7/../../../i386-linux-gnu/crti.o /usr/lib/gcc/i686-linux-gnu/4.7/crtbegin.o -L/usr/lib/gcc/i686-linux-gnu/4.7 -L/usr/lib/gcc/i686-linux-gnu/4.7/../../../i386-linux-gnu -L/usr/lib/gcc/i686-linux-gnu/4.7/../../../../lib -L/lib/i386-linux-gnu -L/lib/../lib -L/usr/lib/i386-linux-gnu -L/usr/lib/../lib -L/usr/lib/gcc/i686-linux-gnu/4.7/../../.. CMakeFiles/cmTryCompileExec3496295682.dir/CMakeCCompilerABI.c.o -lgcc --as-needed -lgcc_s --no-as-needed -lc -lgcc --as-needed -lgcc_s --no-as-needed /usr/lib/gcc/i686-linux-gnu/4.7/crtend.o /usr/lib/gcc/i686-linux-gnu/4.7/../../../i386-linux-gnu/crtn.o
make[1]: Leaving directory `/home/kasutaja/Downloads/okulardev/okular/build/CMakeFiles/CMakeTmp'


Parsed C implicit link information from above output:
  link line regex: [^( *|.*[/\])(ld|ld|collect2)[^/\]*( |$)]
  ignore line: [Change Dir: /home/kasutaja/Downloads/okulardev/okular/build/CMakeFiles/CMakeTmp]
  ignore line: []
  ignore line: [Run Build Command:/usr/bin/make "cmTryCompileExec3496295682/fast"]
  ignore line: [/usr/bin/make -f CMakeFiles/cmTryCompileExec3496295682.dir/build.make CMakeFiles/cmTryCompileExec3496295682.dir/build]
  ignore line: [make[1]: Entering directory `/home/kasutaja/Downloads/okulardev/okular/build/CMakeFiles/CMakeTmp']
  ignore line: [/usr/bin/cmake -E cmake_progress_report /home/kasutaja/Downloads/okulardev/okular/build/CMakeFiles/CMakeTmp/CMakeFiles 1]
  ignore line: [Building C object CMakeFiles/cmTryCompileExec3496295682.dir/CMakeCCompilerABI.c.o]
  ignore line: [/usr/bin/cc    -o CMakeFiles/cmTryCompileExec3496295682.dir/CMakeCCompilerABI.c.o   -c /usr/share/cmake-2.8/Modules/CMakeCCompilerABI.c]
  ignore line: [Linking C executable cmTryCompileExec3496295682]
  ignore line: [/usr/bin/cmake -E cmake_link_script CMakeFiles/cmTryCompileExec3496295682.dir/link.txt --verbose=1]
  ignore line: [/usr/bin/cc       -v CMakeFiles/cmTryCompileExec3496295682.dir/CMakeCCompilerABI.c.o  -o cmTryCompileExec3496295682 -rdynamic  ]
  ignore line: [Using built-in specs.]
  ignore line: [COLLECT_GCC=/usr/bin/cc]
  ignore line: [COLLECT_LTO_WRAPPER=/usr/lib/gcc/i686-linux-gnu/4.7/lto-wrapper]
  ignore line: [Target: i686-linux-gnu]
  ignore line: [Configured with: ../src/configure -v --with-pkgversion='Ubuntu/Linaro 4.7.3-1ubuntu1' --with-bugurl=file:///usr/share/doc/gcc-4.7/README.Bugs --enable-languages=c,c++,go,fortran,objc,obj-c++ --prefix=/usr --program-suffix=-4.7 --enable-shared --enable-linker-build-id --libexecdir=/usr/lib --without-included-gettext --enable-threads=posix --with-gxx-include-dir=/usr/include/c++/4.7 --libdir=/usr/lib --enable-nls --with-sysroot=/ --enable-clocale=gnu --enable-libstdcxx-debug --enable-libstdcxx-time=yes --enable-gnu-unique-object --enable-plugin --with-system-zlib --enable-objc-gc --enable-targets=all --with-cloog --enable-cloog-backend=ppl --disable-cloog-version-check --disable-ppl-version-check --enable-multiarch --disable-werror --with-arch-32=i686 --with-multilib-list=m32,m64,mx32 --with-tune=generic --enable-checking=release --build=i686-linux-gnu --host=i686-linux-gnu --target=i686-linux-gnu]
  ignore line: [Thread model: posix]
  ignore line: [gcc version 4.7.3 (Ubuntu/Linaro 4.7.3-1ubuntu1) ]
  ignore line: [COMPILER_PATH=/usr/lib/gcc/i686-linux-gnu/4.7/:/usr/lib/gcc/i686-linux-gnu/4.7/:/usr/lib/gcc/i686-linux-gnu/:/usr/lib/gcc/i686-linux-gnu/4.7/:/usr/lib/gcc/i686-linux-gnu/]
  ignore line: [LIBRARY_PATH=/usr/lib/gcc/i686-linux-gnu/4.7/:/usr/lib/gcc/i686-linux-gnu/4.7/../../../i386-linux-gnu/:/usr/lib/gcc/i686-linux-gnu/4.7/../../../../lib/:/lib/i386-linux-gnu/:/lib/../lib/:/usr/lib/i386-linux-gnu/:/usr/lib/../lib/:/usr/lib/gcc/i686-linux-gnu/4.7/../../../:/lib/:/usr/lib/]
  ignore line: [COLLECT_GCC_OPTIONS='-v' '-o' 'cmTryCompileExec3496295682' '-rdynamic' '-mtune=generic' '-march=i686']
  link line: [ /usr/lib/gcc/i686-linux-gnu/4.7/collect2 --sysroot=/ --build-id --eh-frame-hdr -m elf_i386 --hash-style=gnu --as-needed -export-dynamic -dynamic-linker /lib/ld-linux.so.2 -z relro -o cmTryCompileExec3496295682 /usr/lib/gcc/i686-linux-gnu/4.7/../../../i386-linux-gnu/crt1.o /usr/lib/gcc/i686-linux-gnu/4.7/../../../i386-linux-gnu/crti.o /usr/lib/gcc/i686-linux-gnu/4.7/crtbegin.o -L/usr/lib/gcc/i686-linux-gnu/4.7 -L/usr/lib/gcc/i686-linux-gnu/4.7/../../../i386-linux-gnu -L/usr/lib/gcc/i686-linux-gnu/4.7/../../../../lib -L/lib/i386-linux-gnu -L/lib/../lib -L/usr/lib/i386-linux-gnu -L/usr/lib/../lib -L/usr/lib/gcc/i686-linux-gnu/4.7/../../.. CMakeFiles/cmTryCompileExec3496295682.dir/CMakeCCompilerABI.c.o -lgcc --as-needed -lgcc_s --no-as-needed -lc -lgcc --as-needed -lgcc_s --no-as-needed /usr/lib/gcc/i686-linux-gnu/4.7/crtend.o /usr/lib/gcc/i686-linux-gnu/4.7/../../../i386-linux-gnu/crtn.o]
    arg [/usr/lib/gcc/i686-linux-gnu/4.7/collect2] ==> ignore
    arg [--sysroot=/] ==> ignore
    arg [--build-id] ==> ignore
    arg [--eh-frame-hdr] ==> ignore
    arg [-m] ==> ignore
    arg [elf_i386] ==> ignore
    arg [--hash-style=gnu] ==> ignore
    arg [--as-needed] ==> ignore
    arg [-export-dynamic] ==> ignore
    arg [-dynamic-linker] ==> ignore
    arg [/lib/ld-linux.so.2] ==> ignore
    arg [-zrelro] ==> ignore
    arg [-o] ==> ignore
    arg [cmTryCompileExec3496295682] ==> ignore
    arg [/usr/lib/gcc/i686-linux-gnu/4.7/../../../i386-linux-gnu/crt1.o] ==> ignore
    arg [/usr/lib/gcc/i686-linux-gnu/4.7/../../../i386-linux-gnu/crti.o] ==> ignore
    arg [/usr/lib/gcc/i686-linux-gnu/4.7/crtbegin.o] ==> ignore
    arg [-L/usr/lib/gcc/i686-linux-gnu/4.7] ==> dir [/usr/lib/gcc/i686-linux-gnu/4.7]
    arg [-L/usr/lib/gcc/i686-linux-gnu/4.7/../../../i386-linux-gnu] ==> dir [/usr/lib/gcc/i686-linux-gnu/4.7/../../../i386-linux-gnu]
    arg [-L/usr/lib/gcc/i686-linux-gnu/4.7/../../../../lib] ==> dir [/usr/lib/gcc/i686-linux-gnu/4.7/../../../../lib]
    arg [-L/lib/i386-linux-gnu] ==> dir [/lib/i386-linux-gnu]
    arg [-L/lib/../lib] ==> dir [/lib/../lib]
    arg [-L/usr/lib/i386-linux-gnu] ==> dir [/usr/lib/i386-linux-gnu]
    arg [-L/usr/lib/../lib] ==> dir [/usr/lib/../lib]
    arg [-L/usr/lib/gcc/i686-linux-gnu/4.7/../../..] ==> dir [/usr/lib/gcc/i686-linux-gnu/4.7/../../..]
    arg [CMakeFiles/cmTryCompileExec3496295682.dir/CMakeCCompilerABI.c.o] ==> ignore
    arg [-lgcc] ==> lib [gcc]
    arg [--as-needed] ==> ignore
    arg [-lgcc_s] ==> lib [gcc_s]
    arg [--no-as-needed] ==> ignore
    arg [-lc] ==> lib [c]
    arg [-lgcc] ==> lib [gcc]
    arg [--as-needed] ==> ignore
    arg [-lgcc_s] ==> lib [gcc_s]
    arg [--no-as-needed] ==> ignore
    arg [/usr/lib/gcc/i686-linux-gnu/4.7/crtend.o] ==> ignore
    arg [/usr/lib/gcc/i686-linux-gnu/4.7/../../../i386-linux-gnu/crtn.o] ==> ignore
  remove lib [gcc]
  remove lib [gcc_s]
  remove lib [gcc]
  remove lib [gcc_s]
  collapse dir [/usr/lib/gcc/i686-linux-gnu/4.7] ==> [/usr/lib/gcc/i686-linux-gnu/4.7]
  collapse dir [/usr/lib/gcc/i686-linux-gnu/4.7/../../../i386-linux-gnu] ==> [/usr/lib/i386-linux-gnu]
  collapse dir [/usr/lib/gcc/i686-linux-gnu/4.7/../../../../lib] ==> [/usr/lib]
  collapse dir [/lib/i386-linux-gnu] ==> [/lib/i386-linux-gnu]
  collapse dir [/lib/../lib] ==> [/lib]
  collapse dir [/usr/lib/i386-linux-gnu] ==> [/usr/lib/i386-linux-gnu]
  collapse dir [/usr/lib/../lib] ==> [/usr/lib]
  collapse dir [/usr/lib/gcc/i686-linux-gnu/4.7/../../..] ==> [/usr/lib]
  implicit libs: [c]
  implicit dirs: [/usr/lib/gcc/i686-linux-gnu/4.7;/usr/lib/i386-linux-gnu;/usr/lib;/lib/i386-linux-gnu;/lib]


Determining if the CXX compiler works passed with the following output:
Change Dir: /home/kasutaja/Downloads/okulardev/okular/build/CMakeFiles/CMakeTmp

Run Build Command:/usr/bin/make "cmTryCompileExec1631866438/fast"
/usr/bin/make -f CMakeFiles/cmTryCompileExec1631866438.dir/build.make CMakeFiles/cmTryCompileExec1631866438.dir/build
make[1]: Entering directory `/home/kasutaja/Downloads/okulardev/okular/build/CMakeFiles/CMakeTmp'
/usr/bin/cmake -E cmake_progress_report /home/kasutaja/Downloads/okulardev/okular/build/CMakeFiles/CMakeTmp/CMakeFiles 1
Building CXX object CMakeFiles/cmTryCompileExec1631866438.dir/testCXXCompiler.cxx.o
/usr/bin/c++     -o CMakeFiles/cmTryCompileExec1631866438.dir/testCXXCompiler.cxx.o -c /home/kasutaja/Downloads/okulardev/okular/build/CMakeFiles/CMakeTmp/testCXXCompiler.cxx
Linking CXX executable cmTryCompileExec1631866438
/usr/bin/cmake -E cmake_link_script CMakeFiles/cmTryCompileExec1631866438.dir/link.txt --verbose=1
/usr/bin/c++          CMakeFiles/cmTryCompileExec1631866438.dir/testCXXCompiler.cxx.o  -o cmTryCompileExec1631866438 -rdynamic 
make[1]: Leaving directory `/home/kasutaja/Downloads/okulardev/okular/build/CMakeFiles/CMakeTmp'


Detecting CXX compiler ABI info compiled with the following output:
Change Dir: /home/kasutaja/Downloads/okulardev/okular/build/CMakeFiles/CMakeTmp

Run Build Command:/usr/bin/make "cmTryCompileExec2811881965/fast"
/usr/bin/make -f CMakeFiles/cmTryCompileExec2811881965.dir/build.make CMakeFiles/cmTryCompileExec2811881965.dir/build
make[1]: Entering directory `/home/kasutaja/Downloads/okulardev/okular/build/CMakeFiles/CMakeTmp'
/usr/bin/cmake -E cmake_progress_report /home/kasutaja/Downloads/okulardev/okular/build/CMakeFiles/CMakeTmp/CMakeFiles 1
Building CXX object CMakeFiles/cmTryCompileExec2811881965.dir/CMakeCXXCompilerABI.cpp.o
/usr/bin/c++     -o CMakeFiles/cmTryCompileExec2811881965.dir/CMakeCXXCompilerABI.cpp.o -c /usr/share/cmake-2.8/Modules/CMakeCXXCompilerABI.cpp
Linking CXX executable cmTryCompileExec2811881965
/usr/bin/cmake -E cmake_link_script CMakeFiles/cmTryCompileExec2811881965.dir/link.txt --verbose=1
/usr/bin/c++        -v CMakeFiles/cmTryCompileExec2811881965.dir/CMakeCXXCompilerABI.cpp.o  -o cmTryCompileExec2811881965 -rdynamic  
Using built-in specs.
COLLECT_GCC=/usr/bin/c++
COLLECT_LTO_WRAPPER=/usr/lib/gcc/i686-linux-gnu/4.7/lto-wrapper
Target: i686-linux-gnu
Configured with: ../src/configure -v --with-pkgversion='Ubuntu/Linaro 4.7.3-1ubuntu1' --with-bugurl=file:///usr/share/doc/gcc-4.7/README.Bugs --enable-languages=c,c++,go,fortran,objc,obj-c++ --prefix=/usr --program-suffix=-4.7 --enable-shared --enable-linker-build-id --libexecdir=/usr/lib --without-included-gettext --enable-threads=posix --with-gxx-include-dir=/usr/include/c++/4.7 --libdir=/usr/lib --enable-nls --with-sysroot=/ --enable-clocale=gnu --enable-libstdcxx-debug --enable-libstdcxx-time=yes --enable-gnu-unique-object --enable-plugin --with-system-zlib --enable-objc-gc --enable-targets=all --with-cloog --enable-cloog-backend=ppl --disable-cloog-version-check --disable-ppl-version-check --enable-multiarch --disable-werror --with-arch-32=i686 --with-multilib-list=m32,m64,mx32 --with-tune=generic --enable-checking=release --build=i686-linux-gnu --host=i686-linux-gnu --target=i686-linux-gnu
Thread model: posix
gcc version 4.7.3 (Ubuntu/Linaro 4.7.3-1ubuntu1) 
COMPILER_PATH=/usr/lib/gcc/i686-linux-gnu/4.7/:/usr/lib/gcc/i686-linux-gnu/4.7/:/usr/lib/gcc/i686-linux-gnu/:/usr/lib/gcc/i686-linux-gnu/4.7/:/usr/lib/gcc/i686-linux-gnu/
LIBRARY_PATH=/usr/lib/gcc/i686-linux-gnu/4.7/:/usr/lib/gcc/i686-linux-gnu/4.7/../../../i386-linux-gnu/:/usr/lib/gcc/i686-linux-gnu/4.7/../../../../lib/:/lib/i386-linux-gnu/:/lib/../lib/:/usr/lib/i386-linux-gnu/:/usr/lib/../lib/:/usr/lib/gcc/i686-linux-gnu/4.7/../../../:/lib/:/usr/lib/
COLLECT_GCC_OPTIONS='-v' '-o' 'cmTryCompileExec2811881965' '-rdynamic' '-shared-libgcc' '-mtune=generic' '-march=i686'
 /usr/lib/gcc/i686-linux-gnu/4.7/collect2 --sysroot=/ --build-id --eh-frame-hdr -m elf_i386 --hash-style=gnu --as-needed -export-dynamic -dynamic-linker /lib/ld-linux.so.2 -z relro -o cmTryCompileExec2811881965 /usr/lib/gcc/i686-linux-gnu/4.7/../../../i386-linux-gnu/crt1.o /usr/lib/gcc/i686-linux-gnu/4.7/../../../i386-linux-gnu/crti.o /usr/lib/gcc/i686-linux-gnu/4.7/crtbegin.o -L/usr/lib/gcc/i686-linux-gnu/4.7 -L/usr/lib/gcc/i686-linux-gnu/4.7/../../../i386-linux-gnu -L/usr/lib/gcc/i686-linux-gnu/4.7/../../../../lib -L/lib/i386-linux-gnu -L/lib/../lib -L/usr/lib/i386-linux-gnu -L/usr/lib/../lib -L/usr/lib/gcc/i686-linux-gnu/4.7/../../.. CMakeFiles/cmTryCompileExec2811881965.dir/CMakeCXXCompilerABI.cpp.o -lstdc++ -lm -lgcc_s -lgcc -lc -lgcc_s -lgcc /usr/lib/gcc/i686-linux-gnu/4.7/crtend.o /usr/lib/gcc/i686-linux-gnu/4.7/../../../i386-linux-gnu/crtn.o
make[1]: Leaving directory `/home/kasutaja/Downloads/okulardev/okular/build/CMakeFiles/CMakeTmp'


Parsed CXX implicit link information from above output:
  link line regex: [^( *|.*[/\])(ld|ld|collect2)[^/\]*( |$)]
  ignore line: [Change Dir: /home/kasutaja/Downloads/okulardev/okular/build/CMakeFiles/CMakeTmp]
  ignore line: []
  ignore line: [Run Build Command:/usr/bin/make "cmTryCompileExec2811881965/fast"]
  ignore line: [/usr/bin/make -f CMakeFiles/cmTryCompileExec2811881965.dir/build.make CMakeFiles/cmTryCompileExec2811881965.dir/build]
  ignore line: [make[1]: Entering directory `/home/kasutaja/Downloads/okulardev/okular/build/CMakeFiles/CMakeTmp']
  ignore line: [/usr/bin/cmake -E cmake_progress_report /home/kasutaja/Downloads/okulardev/okular/build/CMakeFiles/CMakeTmp/CMakeFiles 1]
  ignore line: [Building CXX object CMakeFiles/cmTryCompileExec2811881965.dir/CMakeCXXCompilerABI.cpp.o]
  ignore line: [/usr/bin/c++     -o CMakeFiles/cmTryCompileExec2811881965.dir/CMakeCXXCompilerABI.cpp.o -c /usr/share/cmake-2.8/Modules/CMakeCXXCompilerABI.cpp]
  ignore line: [Linking CXX executable cmTryCompileExec2811881965]
  ignore line: [/usr/bin/cmake -E cmake_link_script CMakeFiles/cmTryCompileExec2811881965.dir/link.txt --verbose=1]
  ignore line: [/usr/bin/c++        -v CMakeFiles/cmTryCompileExec2811881965.dir/CMakeCXXCompilerABI.cpp.o  -o cmTryCompileExec2811881965 -rdynamic  ]
  ignore line: [Using built-in specs.]
  ignore line: [COLLECT_GCC=/usr/bin/c++]
  ignore line: [COLLECT_LTO_WRAPPER=/usr/lib/gcc/i686-linux-gnu/4.7/lto-wrapper]
  ignore line: [Target: i686-linux-gnu]
  ignore line: [Configured with: ../src/configure -v --with-pkgversion='Ubuntu/Linaro 4.7.3-1ubuntu1' --with-bugurl=file:///usr/share/doc/gcc-4.7/README.Bugs --enable-languages=c,c++,go,fortran,objc,obj-c++ --prefix=/usr --program-suffix=-4.7 --enable-shared --enable-linker-build-id --libexecdir=/usr/lib --without-included-gettext --enable-threads=posix --with-gxx-include-dir=/usr/include/c++/4.7 --libdir=/usr/lib --enable-nls --with-sysroot=/ --enable-clocale=gnu --enable-libstdcxx-debug --enable-libstdcxx-time=yes --enable-gnu-unique-object --enable-plugin --with-system-zlib --enable-objc-gc --enable-targets=all --with-cloog --enable-cloog-backend=ppl --disable-cloog-version-check --disable-ppl-version-check --enable-multiarch --disable-werror --with-arch-32=i686 --with-multilib-list=m32,m64,mx32 --with-tune=generic --enable-checking=release --build=i686-linux-gnu --host=i686-linux-gnu --target=i686-linux-gnu]
  ignore line: [Thread model: posix]
  ignore line: [gcc version 4.7.3 (Ubuntu/Linaro 4.7.3-1ubuntu1) ]
  ignore line: [COMPILER_PATH=/usr/lib/gcc/i686-linux-gnu/4.7/:/usr/lib/gcc/i686-linux-gnu/4.7/:/usr/lib/gcc/i686-linux-gnu/:/usr/lib/gcc/i686-linux-gnu/4.7/:/usr/lib/gcc/i686-linux-gnu/]
  ignore line: [LIBRARY_PATH=/usr/lib/gcc/i686-linux-gnu/4.7/:/usr/lib/gcc/i686-linux-gnu/4.7/../../../i386-linux-gnu/:/usr/lib/gcc/i686-linux-gnu/4.7/../../../../lib/:/lib/i386-linux-gnu/:/lib/../lib/:/usr/lib/i386-linux-gnu/:/usr/lib/../lib/:/usr/lib/gcc/i686-linux-gnu/4.7/../../../:/lib/:/usr/lib/]
  ignore line: [COLLECT_GCC_OPTIONS='-v' '-o' 'cmTryCompileExec2811881965' '-rdynamic' '-shared-libgcc' '-mtune=generic' '-march=i686']
  link line: [ /usr/lib/gcc/i686-linux-gnu/4.7/collect2 --sysroot=/ --build-id --eh-frame-hdr -m elf_i386 --hash-style=gnu --as-needed -export-dynamic -dynamic-linker /lib/ld-linux.so.2 -z relro -o cmTryCompileExec2811881965 /usr/lib/gcc/i686-linux-gnu/4.7/../../../i386-linux-gnu/crt1.o /usr/lib/gcc/i686-linux-gnu/4.7/../../../i386-linux-gnu/crti.o /usr/lib/gcc/i686-linux-gnu/4.7/crtbegin.o -L/usr/lib/gcc/i686-linux-gnu/4.7 -L/usr/lib/gcc/i686-linux-gnu/4.7/../../../i386-linux-gnu -L/usr/lib/gcc/i686-linux-gnu/4.7/../../../../lib -L/lib/i386-linux-gnu -L/lib/../lib -L/usr/lib/i386-linux-gnu -L/usr/lib/../lib -L/usr/lib/gcc/i686-linux-gnu/4.7/../../.. CMakeFiles/cmTryCompileExec2811881965.dir/CMakeCXXCompilerABI.cpp.o -lstdc++ -lm -lgcc_s -lgcc -lc -lgcc_s -lgcc /usr/lib/gcc/i686-linux-gnu/4.7/crtend.o /usr/lib/gcc/i686-linux-gnu/4.7/../../../i386-linux-gnu/crtn.o]
    arg [/usr/lib/gcc/i686-linux-gnu/4.7/collect2] ==> ignore
    arg [--sysroot=/] ==> ignore
    arg [--build-id] ==> ignore
    arg [--eh-frame-hdr] ==> ignore
    arg [-m] ==> ignore
    arg [elf_i386] ==> ignore
    arg [--hash-style=gnu] ==> ignore
    arg [--as-needed] ==> ignore
    arg [-export-dynamic] ==> ignore
    arg [-dynamic-linker] ==> ignore
    arg [/lib/ld-linux.so.2] ==> ignore
    arg [-zrelro] ==> ignore
    arg [-o] ==> ignore
    arg [cmTryCompileExec2811881965] ==> ignore
    arg [/usr/lib/gcc/i686-linux-gnu/4.7/../../../i386-linux-gnu/crt1.o] ==> ignore
    arg [/usr/lib/gcc/i686-linux-gnu/4.7/../../../i386-linux-gnu/crti.o] ==> ignore
    arg [/usr/lib/gcc/i686-linux-gnu/4.7/crtbegin.o] ==> ignore
    arg [-L/usr/lib/gcc/i686-linux-gnu/4.7] ==> dir [/usr/lib/gcc/i686-linux-gnu/4.7]
    arg [-L/usr/lib/gcc/i686-linux-gnu/4.7/../../../i386-linux-gnu] ==> dir [/usr/lib/gcc/i686-linux-gnu/4.7/../../../i386-linux-gnu]
    arg [-L/usr/lib/gcc/i686-linux-gnu/4.7/../../../../lib] ==> dir [/usr/lib/gcc/i686-linux-gnu/4.7/../../../../lib]
    arg [-L/lib/i386-linux-gnu] ==> dir [/lib/i386-linux-gnu]
    arg [-L/lib/../lib] ==> dir [/lib/../lib]
    arg [-L/usr/lib/i386-linux-gnu] ==> dir [/usr/lib/i386-linux-gnu]
    arg [-L/usr/lib/../lib] ==> dir [/usr/lib/../lib]
    arg [-L/usr/lib/gcc/i686-linux-gnu/4.7/../../..] ==> dir [/usr/lib/gcc/i686-linux-gnu/4.7/../../..]
    arg [CMakeFiles/cmTryCompileExec2811881965.dir/CMakeCXXCompilerABI.cpp.o] ==> ignore
    arg [-lstdc++] ==> lib [stdc++]
    arg [-lm] ==> lib [m]
    arg [-lgcc_s] ==> lib [gcc_s]
    arg [-lgcc] ==> lib [gcc]
    arg [-lc] ==> lib [c]
    arg [-lgcc_s] ==> lib [gcc_s]
    arg [-lgcc] ==> lib [gcc]
    arg [/usr/lib/gcc/i686-linux-gnu/4.7/crtend.o] ==> ignore
    arg [/usr/lib/gcc/i686-linux-gnu/4.7/../../../i386-linux-gnu/crtn.o] ==> ignore
  remove lib [gcc_s]
  remove lib [gcc]
  remove lib [gcc_s]
  remove lib [gcc]
  collapse dir [/usr/lib/gcc/i686-linux-gnu/4.7] ==> [/usr/lib/gcc/i686-linux-gnu/4.7]
  collapse dir [/usr/lib/gcc/i686-linux-gnu/4.7/../../../i386-linux-gnu] ==> [/usr/lib/i386-linux-gnu]
  collapse dir [/usr/lib/gcc/i686-linux-gnu/4.7/../../../../lib] ==> [/usr/lib]
  collapse dir [/lib/i386-linux-gnu] ==> [/lib/i386-linux-gnu]
  collapse dir [/lib/../lib] ==> [/lib]
  collapse dir [/usr/lib/i386-linux-gnu] ==> [/usr/lib/i386-linux-gnu]
  collapse dir [/usr/lib/../lib] ==> [/usr/lib]
  collapse dir [/usr/lib/gcc/i686-linux-gnu/4.7/../../..] ==> [/usr/lib]
  implicit libs: [stdc++;m;c]
  implicit dirs: [/usr/lib/gcc/i686-linux-gnu/4.7;/usr/lib/i386-linux-gnu;/usr/lib;/lib/i386-linux-gnu;/lib]


Determining if the Q_WS_X11 exist passed with the following output:
Change Dir: /home/kasutaja/Downloads/okulardev/okular/build/CMakeFiles/CMakeTmp

Run Build Command:/usr/bin/make "cmTryCompileExec124019234/fast"
/usr/bin/make -f CMakeFiles/cmTryCompileExec124019234.dir/build.make CMakeFiles/cmTryCompileExec124019234.dir/build
make[1]: Entering directory `/home/kasutaja/Downloads/okulardev/okular/build/CMakeFiles/CMakeTmp'
/usr/bin/cmake -E cmake_progress_report /home/kasutaja/Downloads/okulardev/okular/build/CMakeFiles/CMakeTmp/CMakeFiles 1
Building C object CMakeFiles/cmTryCompileExec124019234.dir/CheckSymbolExists.c.o
/usr/bin/cc   -I/usr/include/qt4    -o CMakeFiles/cmTryCompileExec124019234.dir/CheckSymbolExists.c.o   -c /home/kasutaja/Downloads/okulardev/okular/build/CMakeFiles/CMakeTmp/CheckSymbolExists.c
Linking C executable cmTryCompileExec124019234
/usr/bin/cmake -E cmake_link_script CMakeFiles/cmTryCompileExec124019234.dir/link.txt --verbose=1
/usr/bin/cc         CMakeFiles/cmTryCompileExec124019234.dir/CheckSymbolExists.c.o  -o cmTryCompileExec124019234 -rdynamic 
make[1]: Leaving directory `/home/kasutaja/Downloads/okulardev/okular/build/CMakeFiles/CMakeTmp'

File /home/kasutaja/Downloads/okulardev/okular/build/CMakeFiles/CMakeTmp/CheckSymbolExists.c:
/* */
#include <QtCore/qglobal.h>

int main(int argc, char** argv)
{
  (void)argv;
#ifndef Q_WS_X11
  return ((int*)(&Q_WS_X11))[argc];
#else
  (void)argc;
  return 0;
#endif
}

Determining if the function XOpenDisplay exists in the /usr/lib/i386-linux-gnu/libX11.so;/usr/lib/i386-linux-gnu/libXext.so;/usr/lib/i386-linux-gnu/libXau.so;/usr/lib/i386-linux-gnu/libXdmcp.so passed with the following output:
Change Dir: /home/kasutaja/Downloads/okulardev/okular/build/CMakeFiles/CMakeTmp

Run Build Command:/usr/bin/make "cmTryCompileExec4066562917/fast"
/usr/bin/make -f CMakeFiles/cmTryCompileExec4066562917.dir/build.make CMakeFiles/cmTryCompileExec4066562917.dir/build
make[1]: Entering directory `/home/kasutaja/Downloads/okulardev/okular/build/CMakeFiles/CMakeTmp'
/usr/bin/cmake -E cmake_progress_report /home/kasutaja/Downloads/okulardev/okular/build/CMakeFiles/CMakeTmp/CMakeFiles 1
Building C object CMakeFiles/cmTryCompileExec4066562917.dir/CheckFunctionExists.c.o
/usr/bin/cc   -DCHECK_FUNCTION_EXISTS=XOpenDisplay   -o CMakeFiles/cmTryCompileExec4066562917.dir/CheckFunctionExists.c.o   -c /usr/share/cmake-2.8/Modules/CheckFunctionExists.c
Linking C executable cmTryCompileExec4066562917
/usr/bin/cmake -E cmake_link_script CMakeFiles/cmTryCompileExec4066562917.dir/link.txt --verbose=1
/usr/bin/cc     -DCHECK_FUNCTION_EXISTS=XOpenDisplay    CMakeFiles/cmTryCompileExec4066562917.dir/CheckFunctionExists.c.o  -o cmTryCompileExec4066562917 -rdynamic -lX11 -lXext -lXau -lXdmcp 
make[1]: Leaving directory `/home/kasutaja/Downloads/okulardev/okular/build/CMakeFiles/CMakeTmp'


Determining if the function gethostbyname exists passed with the following output:
Change Dir: /home/kasutaja/Downloads/okulardev/okular/build/CMakeFiles/CMakeTmp

Run Build Command:/usr/bin/make "cmTryCompileExec4050332029/fast"
/usr/bin/make -f CMakeFiles/cmTryCompileExec4050332029.dir/build.make CMakeFiles/cmTryCompileExec4050332029.dir/build
make[1]: Entering directory `/home/kasutaja/Downloads/okulardev/okular/build/CMakeFiles/CMakeTmp'
/usr/bin/cmake -E cmake_progress_report /home/kasutaja/Downloads/okulardev/okular/build/CMakeFiles/CMakeTmp/CMakeFiles 1
Building C object CMakeFiles/cmTryCompileExec4050332029.dir/CheckFunctionExists.c.o
/usr/bin/cc   -DCHECK_FUNCTION_EXISTS=gethostbyname   -o CMakeFiles/cmTryCompileExec4050332029.dir/CheckFunctionExists.c.o   -c /usr/share/cmake-2.8/Modules/CheckFunctionExists.c
Linking C executable cmTryCompileExec4050332029
/usr/bin/cmake -E cmake_link_script CMakeFiles/cmTryCompileExec4050332029.dir/link.txt --verbose=1
/usr/bin/cc     -DCHECK_FUNCTION_EXISTS=gethostbyname    CMakeFiles/cmTryCompileExec4050332029.dir/CheckFunctionExists.c.o  -o cmTryCompileExec4050332029 -rdynamic 
make[1]: Leaving directory `/home/kasutaja/Downloads/okulardev/okular/build/CMakeFiles/CMakeTmp'


Determining if the function connect exists passed with the following output:
Change Dir: /home/kasutaja/Downloads/okulardev/okular/build/CMakeFiles/CMakeTmp

Run Build Command:/usr/bin/make "cmTryCompileExec2183207759/fast"
/usr/bin/make -f CMakeFiles/cmTryCompileExec2183207759.dir/build.make CMakeFiles/cmTryCompileExec2183207759.dir/build
make[1]: Entering directory `/home/kasutaja/Downloads/okulardev/okular/build/CMakeFiles/CMakeTmp'
/usr/bin/cmake -E cmake_progress_report /home/kasutaja/Downloads/okulardev/okular/build/CMakeFiles/CMakeTmp/CMakeFiles 1
Building C object CMakeFiles/cmTryCompileExec2183207759.dir/CheckFunctionExists.c.o
/usr/bin/cc   -DCHECK_FUNCTION_EXISTS=connect   -o CMakeFiles/cmTryCompileExec2183207759.dir/CheckFunctionExists.c.o   -c /usr/share/cmake-2.8/Modules/CheckFunctionExists.c
Linking C executable cmTryCompileExec2183207759
/usr/bin/cmake -E cmake_link_script CMakeFiles/cmTryCompileExec2183207759.dir/link.txt --verbose=1
/usr/bin/cc     -DCHECK_FUNCTION_EXISTS=connect    CMakeFiles/cmTryCompileExec2183207759.dir/CheckFunctionExists.c.o  -o cmTryCompileExec2183207759 -rdynamic 
make[1]: Leaving directory `/home/kasutaja/Downloads/okulardev/okular/build/CMakeFiles/CMakeTmp'


Determining if the function remove exists passed with the following output:
Change Dir: /home/kasutaja/Downloads/okulardev/okular/build/CMakeFiles/CMakeTmp

Run Build Command:/usr/bin/make "cmTryCompileExec2218247615/fast"
/usr/bin/make -f CMakeFiles/cmTryCompileExec2218247615.dir/build.make CMakeFiles/cmTryCompileExec2218247615.dir/build
make[1]: Entering directory `/home/kasutaja/Downloads/okulardev/okular/build/CMakeFiles/CMakeTmp'
/usr/bin/cmake -E cmake_progress_report /home/kasutaja/Downloads/okulardev/okular/build/CMakeFiles/CMakeTmp/CMakeFiles 1
Building C object CMakeFiles/cmTryCompileExec2218247615.dir/CheckFunctionExists.c.o
/usr/bin/cc   -DCHECK_FUNCTION_EXISTS=remove   -o CMakeFiles/cmTryCompileExec2218247615.dir/CheckFunctionExists.c.o   -c /usr/share/cmake-2.8/Modules/CheckFunctionExists.c
Linking C executable cmTryCompileExec2218247615
/usr/bin/cmake -E cmake_link_script CMakeFiles/cmTryCompileExec2218247615.dir/link.txt --verbose=1
/usr/bin/cc     -DCHECK_FUNCTION_EXISTS=remove    CMakeFiles/cmTryCompileExec2218247615.dir/CheckFunctionExists.c.o  -o cmTryCompileExec2218247615 -rdynamic 
make[1]: Leaving directory `/home/kasutaja/Downloads/okulardev/okular/build/CMakeFiles/CMakeTmp'


Determining if the function shmat exists passed with the following output:
Change Dir: /home/kasutaja/Downloads/okulardev/okular/build/CMakeFiles/CMakeTmp

Run Build Command:/usr/bin/make "cmTryCompileExec4140975179/fast"
/usr/bin/make -f CMakeFiles/cmTryCompileExec4140975179.dir/build.make CMakeFiles/cmTryCompileExec4140975179.dir/build
make[1]: Entering directory `/home/kasutaja/Downloads/okulardev/okular/build/CMakeFiles/CMakeTmp'
/usr/bin/cmake -E cmake_progress_report /home/kasutaja/Downloads/okulardev/okular/build/CMakeFiles/CMakeTmp/CMakeFiles 1
Building C object CMakeFiles/cmTryCompileExec4140975179.dir/CheckFunctionExists.c.o
/usr/bin/cc   -DCHECK_FUNCTION_EXISTS=shmat   -o CMakeFiles/cmTryCompileExec4140975179.dir/CheckFunctionExists.c.o   -c /usr/share/cmake-2.8/Modules/CheckFunctionExists.c
Linking C executable cmTryCompileExec4140975179
/usr/bin/cmake -E cmake_link_script CMakeFiles/cmTryCompileExec4140975179.dir/link.txt --verbose=1
/usr/bin/cc     -DCHECK_FUNCTION_EXISTS=shmat    CMakeFiles/cmTryCompileExec4140975179.dir/CheckFunctionExists.c.o  -o cmTryCompileExec4140975179 -rdynamic 
make[1]: Leaving directory `/home/kasutaja/Downloads/okulardev/okular/build/CMakeFiles/CMakeTmp'


Determining if files pthread.h exist passed with the following output:
Change Dir: /home/kasutaja/Downloads/okulardev/okular/build/CMakeFiles/CMakeTmp

Run Build Command:/usr/bin/make "cmTryCompileExec3850940793/fast"
/usr/bin/make -f CMakeFiles/cmTryCompileExec3850940793.dir/build.make CMakeFiles/cmTryCompileExec3850940793.dir/build
make[1]: Entering directory `/home/kasutaja/Downloads/okulardev/okular/build/CMakeFiles/CMakeTmp'
/usr/bin/cmake -E cmake_progress_report /home/kasutaja/Downloads/okulardev/okular/build/CMakeFiles/CMakeTmp/CMakeFiles 1
Building C object CMakeFiles/cmTryCompileExec3850940793.dir/CheckIncludeFiles.c.o
/usr/bin/cc    -o CMakeFiles/cmTryCompileExec3850940793.dir/CheckIncludeFiles.c.o   -c /home/kasutaja/Downloads/okulardev/okular/build/CMakeFiles/CMakeTmp/CheckIncludeFiles.c
Linking C executable cmTryCompileExec3850940793
/usr/bin/cmake -E cmake_link_script CMakeFiles/cmTryCompileExec3850940793.dir/link.txt --verbose=1
/usr/bin/cc         CMakeFiles/cmTryCompileExec3850940793.dir/CheckIncludeFiles.c.o  -o cmTryCompileExec3850940793 -rdynamic 
make[1]: Leaving directory `/home/kasutaja/Downloads/okulardev/okular/build/CMakeFiles/CMakeTmp'


Determining if the function pthread_create exists in the pthread passed with the following output:
Change Dir: /home/kasutaja/Downloads/okulardev/okular/build/CMakeFiles/CMakeTmp

Run Build Command:/usr/bin/make "cmTryCompileExec2032122359/fast"
/usr/bin/make -f CMakeFiles/cmTryCompileExec2032122359.dir/build.make CMakeFiles/cmTryCompileExec2032122359.dir/build
make[1]: Entering directory `/home/kasutaja/Downloads/okulardev/okular/build/CMakeFiles/CMakeTmp'
/usr/bin/cmake -E cmake_progress_report /home/kasutaja/Downloads/okulardev/okular/build/CMakeFiles/CMakeTmp/CMakeFiles 1
Building C object CMakeFiles/cmTryCompileExec2032122359.dir/CheckFunctionExists.c.o
/usr/bin/cc   -DCHECK_FUNCTION_EXISTS=pthread_create   -o CMakeFiles/cmTryCompileExec2032122359.dir/CheckFunctionExists.c.o   -c /usr/share/cmake-2.8/Modules/CheckFunctionExists.c
Linking C executable cmTryCompileExec2032122359
/usr/bin/cmake -E cmake_link_script CMakeFiles/cmTryCompileExec2032122359.dir/link.txt --verbose=1
/usr/bin/cc     -DCHECK_FUNCTION_EXISTS=pthread_create    CMakeFiles/cmTryCompileExec2032122359.dir/CheckFunctionExists.c.o  -o cmTryCompileExec2032122359 -rdynamic -lpthread 
make[1]: Leaving directory `/home/kasutaja/Downloads/okulardev/okular/build/CMakeFiles/CMakeTmp'


Determining if the _POSIX_TIMERS exist passed with the following output:
Change Dir: /home/kasutaja/Downloads/okulardev/okular/build/CMakeFiles/CMakeTmp

Run Build Command:/usr/bin/make "cmTryCompileExec2589600772/fast"
/usr/bin/make -f CMakeFiles/cmTryCompileExec2589600772.dir/build.make CMakeFiles/cmTryCompileExec2589600772.dir/build
make[1]: Entering directory `/home/kasutaja/Downloads/okulardev/okular/build/CMakeFiles/CMakeTmp'
/usr/bin/cmake -E cmake_progress_report /home/kasutaja/Downloads/okulardev/okular/build/CMakeFiles/CMakeTmp/CMakeFiles 1
Building C object CMakeFiles/cmTryCompileExec2589600772.dir/CheckSymbolExists.c.o
/usr/bin/cc    -o CMakeFiles/cmTryCompileExec2589600772.dir/CheckSymbolExists.c.o   -c /home/kasutaja/Downloads/okulardev/okular/build/CMakeFiles/CMakeTmp/CheckSymbolExists.c
Linking C executable cmTryCompileExec2589600772
/usr/bin/cmake -E cmake_link_script CMakeFiles/cmTryCompileExec2589600772.dir/link.txt --verbose=1
/usr/bin/cc         CMakeFiles/cmTryCompileExec2589600772.dir/CheckSymbolExists.c.o  -o cmTryCompileExec2589600772 -rdynamic -lrt 
make[1]: Leaving directory `/home/kasutaja/Downloads/okulardev/okular/build/CMakeFiles/CMakeTmp'

File /home/kasutaja/Downloads/okulardev/okular/build/CMakeFiles/CMakeTmp/CheckSymbolExists.c:
/* */
#include <unistd.h>
#include <time.h>

int main(int argc, char** argv)
{
  (void)argv;
#ifndef _POSIX_TIMERS
  return ((int*)(&_POSIX_TIMERS))[argc];
#else
  (void)argc;
  return 0;
#endif
}

Performing C++ SOURCE FILE Test HAVE_FPIE_SUPPORT succeded with the following output:
Change Dir: /home/kasutaja/Downloads/okulardev/okular/build/CMakeFiles/CMakeTmp

Run Build Command:/usr/bin/make "cmTryCompileExec1687275215/fast"
/usr/bin/make -f CMakeFiles/cmTryCompileExec1687275215.dir/build.make CMakeFiles/cmTryCompileExec1687275215.dir/build
make[1]: Entering directory `/home/kasutaja/Downloads/okulardev/okular/build/CMakeFiles/CMakeTmp'
/usr/bin/cmake -E cmake_progress_report /home/kasutaja/Downloads/okulardev/okular/build/CMakeFiles/CMakeTmp/CMakeFiles 1
Building CXX object CMakeFiles/cmTryCompileExec1687275215.dir/src.cxx.o
/usr/bin/c++    -Wnon-virtual-dtor -Wno-long-long -Wundef -Wcast-align -Wchar-subscripts -Wall -W -Wpointer-arith -Wformat-security -fno-exceptions -DQT_NO_EXCEPTIONS -fno-check-new -fno-common  -DHAVE_FPIE_SUPPORT   -fPIE -o CMakeFiles/cmTryCompileExec1687275215.dir/src.cxx.o -c /home/kasutaja/Downloads/okulardev/okular/build/CMakeFiles/CMakeTmp/src.cxx
Linking CXX executable cmTryCompileExec1687275215
/usr/bin/cmake -E cmake_link_script CMakeFiles/cmTryCompileExec1687275215.dir/link.txt --verbose=1
/usr/bin/c++     -Wnon-virtual-dtor -Wno-long-long -Wundef -Wcast-align -Wchar-subscripts -Wall -W -Wpointer-arith -Wformat-security -fno-exceptions -DQT_NO_EXCEPTIONS -fno-check-new -fno-common  -DHAVE_FPIE_SUPPORT    CMakeFiles/cmTryCompileExec1687275215.dir/src.cxx.o  -o cmTryCompileExec1687275215 -rdynamic 
make[1]: Leaving directory `/home/kasutaja/Downloads/okulardev/okular/build/CMakeFiles/CMakeTmp'

Source file was:
int main() { return 0;}
Performing C++ SOURCE FILE Test __KDE_HAVE_W_OVERLOADED_VIRTUAL succeded with the following output:
Change Dir: /home/kasutaja/Downloads/okulardev/okular/build/CMakeFiles/CMakeTmp

Run Build Command:/usr/bin/make "cmTryCompileExec2056574914/fast"
/usr/bin/make -f CMakeFiles/cmTryCompileExec2056574914.dir/build.make CMakeFiles/cmTryCompileExec2056574914.dir/build
make[1]: Entering directory `/home/kasutaja/Downloads/okulardev/okular/build/CMakeFiles/CMakeTmp'
/usr/bin/cmake -E cmake_progress_report /home/kasutaja/Downloads/okulardev/okular/build/CMakeFiles/CMakeTmp/CMakeFiles 1
Building CXX object CMakeFiles/cmTryCompileExec2056574914.dir/src.cxx.o
/usr/bin/c++    -Wnon-virtual-dtor -Wno-long-long -Wundef -Wcast-align -Wchar-subscripts -Wall -W -Wpointer-arith -Wformat-security -fno-exceptions -DQT_NO_EXCEPTIONS -fno-check-new -fno-common  -D__KDE_HAVE_W_OVERLOADED_VIRTUAL   -Woverloaded-virtual -o CMakeFiles/cmTryCompileExec2056574914.dir/src.cxx.o -c /home/kasutaja/Downloads/okulardev/okular/build/CMakeFiles/CMakeTmp/src.cxx
Linking CXX executable cmTryCompileExec2056574914
/usr/bin/cmake -E cmake_link_script CMakeFiles/cmTryCompileExec2056574914.dir/link.txt --verbose=1
/usr/bin/c++     -Wnon-virtual-dtor -Wno-long-long -Wundef -Wcast-align -Wchar-subscripts -Wall -W -Wpointer-arith -Wformat-security -fno-exceptions -DQT_NO_EXCEPTIONS -fno-check-new -fno-common  -D__KDE_HAVE_W_OVERLOADED_VIRTUAL    CMakeFiles/cmTryCompileExec2056574914.dir/src.cxx.o  -o cmTryCompileExec2056574914 -rdynamic 
make[1]: Leaving directory `/home/kasutaja/Downloads/okulardev/okular/build/CMakeFiles/CMakeTmp'

Source file was:
int main() { return 0;}
Performing C++ SOURCE FILE Test __KDE_HAVE_GCC_VISIBILITY succeded with the following output:
Change Dir: /home/kasutaja/Downloads/okulardev/okular/build/CMakeFiles/CMakeTmp

Run Build Command:/usr/bin/make "cmTryCompileExec4001693087/fast"
/usr/bin/make -f CMakeFiles/cmTryCompileExec4001693087.dir/build.make CMakeFiles/cmTryCompileExec4001693087.dir/build
make[1]: Entering directory `/home/kasutaja/Downloads/okulardev/okular/build/CMakeFiles/CMakeTmp'
/usr/bin/cmake -E cmake_progress_report /home/kasutaja/Downloads/okulardev/okular/build/CMakeFiles/CMakeTmp/CMakeFiles 1
Building CXX object CMakeFiles/cmTryCompileExec4001693087.dir/src.cxx.o
/usr/bin/c++    -Wnon-virtual-dtor -Wno-long-long -Wundef -Wcast-align -Wchar-subscripts -Wall -W -Wpointer-arith -Wformat-security -fno-exceptions -DQT_NO_EXCEPTIONS -fno-check-new -fno-common -Woverloaded-virtual  -D__KDE_HAVE_GCC_VISIBILITY   -fvisibility=hidden -o CMakeFiles/cmTryCompileExec4001693087.dir/src.cxx.o -c /home/kasutaja/Downloads/okulardev/okular/build/CMakeFiles/CMakeTmp/src.cxx
Linking CXX executable cmTryCompileExec4001693087
/usr/bin/cmake -E cmake_link_script CMakeFiles/cmTryCompileExec4001693087.dir/link.txt --verbose=1
/usr/bin/c++     -Wnon-virtual-dtor -Wno-long-long -Wundef -Wcast-align -Wchar-subscripts -Wall -W -Wpointer-arith -Wformat-security -fno-exceptions -DQT_NO_EXCEPTIONS -fno-check-new -fno-common -Woverloaded-virtual  -D__KDE_HAVE_GCC_VISIBILITY    CMakeFiles/cmTryCompileExec4001693087.dir/src.cxx.o  -o cmTryCompileExec4001693087 -rdynamic 
make[1]: Leaving directory `/home/kasutaja/Downloads/okulardev/okular/build/CMakeFiles/CMakeTmp'

Source file was:
int main() { return 0;}
Performing C++ SOURCE FILE Test HAVE_POPPLER_0_12_1 succeded with the following output:
Change Dir: /home/kasutaja/Downloads/okulardev/okular/build/CMakeFiles/CMakeTmp

Run Build Command:/usr/bin/make "cmTryCompileExec1277498654/fast"
/usr/bin/make -f CMakeFiles/cmTryCompileExec1277498654.dir/build.make CMakeFiles/cmTryCompileExec1277498654.dir/build
make[1]: Entering directory `/home/kasutaja/Downloads/okulardev/okular/build/CMakeFiles/CMakeTmp'
/usr/bin/cmake -E cmake_progress_report /home/kasutaja/Downloads/okulardev/okular/build/CMakeFiles/CMakeTmp/CMakeFiles 1
Building CXX object CMakeFiles/cmTryCompileExec1277498654.dir/src.cxx.o
/usr/bin/c++    -Wnon-virtual-dtor -Wno-long-long -Wundef -Wcast-align -Wchar-subscripts -Wall -W -Wpointer-arith -Wformat-security -fno-exceptions -DQT_NO_EXCEPTIONS -fno-check-new -fno-common -Woverloaded-virtual -fno-threadsafe-statics -fvisibility=hidden -Werror=return-type -fvisibility-inlines-hidden  -DHAVE_POPPLER_0_12_1 -I/usr/include/poppler/qt4 -I/usr/include/poppler -I/usr/include/qt4    -o CMakeFiles/cmTryCompileExec1277498654.dir/src.cxx.o -c /home/kasutaja/Downloads/okulardev/okular/build/CMakeFiles/CMakeTmp/src.cxx
/home/kasutaja/Downloads/okulardev/okular/build/CMakeFiles/CMakeTmp/src.cxx: In function ‘int main()’:
/home/kasutaja/Downloads/okulardev/okular/build/CMakeFiles/CMakeTmp/src.cxx:5:33: warning: unused variable ‘hint’ [-Wunused-variable]
Linking CXX executable cmTryCompileExec1277498654
/usr/bin/cmake -E cmake_link_script CMakeFiles/cmTryCompileExec1277498654.dir/link.txt --verbose=1
/usr/bin/c++     -Wnon-virtual-dtor -Wno-long-long -Wundef -Wcast-align -Wchar-subscripts -Wall -W -Wpointer-arith -Wformat-security -fno-exceptions -DQT_NO_EXCEPTIONS -fno-check-new -fno-common -Woverloaded-virtual -fno-threadsafe-statics -fvisibility=hidden -Werror=return-type -fvisibility-inlines-hidden  -DHAVE_POPPLER_0_12_1    CMakeFiles/cmTryCompileExec1277498654.dir/src.cxx.o  -o cmTryCompileExec1277498654 -rdynamic -lpoppler-qt4 -lQtCore -lQtGui -lQtXml 
make[1]: Leaving directory `/home/kasutaja/Downloads/okulardev/okular/build/CMakeFiles/CMakeTmp'

Source file was:

#include <poppler-qt4.h>
int main()
{
  Poppler::Document::RenderHint hint = Poppler::Document::TextHinting;
  return 0;
}

Performing C++ SOURCE FILE Test HAVE_POPPLER_0_16 succeded with the following output:
Change Dir: /home/kasutaja/Downloads/okulardev/okular/build/CMakeFiles/CMakeTmp

Run Build Command:/usr/bin/make "cmTryCompileExec2655996881/fast"
/usr/bin/make -f CMakeFiles/cmTryCompileExec2655996881.dir/build.make CMakeFiles/cmTryCompileExec2655996881.dir/build
make[1]: Entering directory `/home/kasutaja/Downloads/okulardev/okular/build/CMakeFiles/CMakeTmp'
/usr/bin/cmake -E cmake_progress_report /home/kasutaja/Downloads/okulardev/okular/build/CMakeFiles/CMakeTmp/CMakeFiles 1
Building CXX object CMakeFiles/cmTryCompileExec2655996881.dir/src.cxx.o
/usr/bin/c++    -Wnon-virtual-dtor -Wno-long-long -Wundef -Wcast-align -Wchar-subscripts -Wall -W -Wpointer-arith -Wformat-security -fno-exceptions -DQT_NO_EXCEPTIONS -fno-check-new -fno-common -Woverloaded-virtual -fno-threadsafe-statics -fvisibility=hidden -Werror=return-type -fvisibility-inlines-hidden  -DHAVE_POPPLER_0_16 -I/usr/include/poppler/qt4 -I/usr/include/poppler -I/usr/include/qt4    -o CMakeFiles/cmTryCompileExec2655996881.dir/src.cxx.o -c /home/kasutaja/Downloads/okulardev/okular/build/CMakeFiles/CMakeTmp/src.cxx
/home/kasutaja/Downloads/okulardev/okular/build/CMakeFiles/CMakeTmp/src.cxx:4:6: warning: unused parameter ‘message’ [-Wunused-parameter]
/home/kasutaja/Downloads/okulardev/okular/build/CMakeFiles/CMakeTmp/src.cxx:4:6: warning: unused parameter ‘closure’ [-Wunused-parameter]
Linking CXX executable cmTryCompileExec2655996881
/usr/bin/cmake -E cmake_link_script CMakeFiles/cmTryCompileExec2655996881.dir/link.txt --verbose=1
/usr/bin/c++     -Wnon-virtual-dtor -Wno-long-long -Wundef -Wcast-align -Wchar-subscripts -Wall -W -Wpointer-arith -Wformat-security -fno-exceptions -DQT_NO_EXCEPTIONS -fno-check-new -fno-common -Woverloaded-virtual -fno-threadsafe-statics -fvisibility=hidden -Werror=return-type -fvisibility-inlines-hidden  -DHAVE_POPPLER_0_16    CMakeFiles/cmTryCompileExec2655996881.dir/src.cxx.o  -o cmTryCompileExec2655996881 -rdynamic -lpoppler-qt4 -lQtCore -lQtGui -lQtXml 
make[1]: Leaving directory `/home/kasutaja/Downloads/okulardev/okular/build/CMakeFiles/CMakeTmp'

Source file was:

#include <poppler-qt4.h>

void debugFunction(const QString &message, const QVariant &closure)
{
}

int main()
{
  Poppler::setDebugErrorFunction(debugFunction, QVariant());
  return 0;
}

Performing C++ SOURCE FILE Test HAVE_POPPLER_0_20 succeded with the following output:
Change Dir: /home/kasutaja/Downloads/okulardev/okular/build/CMakeFiles/CMakeTmp

Run Build Command:/usr/bin/make "cmTryCompileExec3840788440/fast"
/usr/bin/make -f CMakeFiles/cmTryCompileExec3840788440.dir/build.make CMakeFiles/cmTryCompileExec3840788440.dir/build
make[1]: Entering directory `/home/kasutaja/Downloads/okulardev/okular/build/CMakeFiles/CMakeTmp'
/usr/bin/cmake -E cmake_progress_report /home/kasutaja/Downloads/okulardev/okular/build/CMakeFiles/CMakeTmp/CMakeFiles 1
Building CXX object CMakeFiles/cmTryCompileExec3840788440.dir/src.cxx.o
/usr/bin/c++    -Wnon-virtual-dtor -Wno-long-long -Wundef -Wcast-align -Wchar-subscripts -Wall -W -Wpointer-arith -Wformat-security -fno-exceptions -DQT_NO_EXCEPTIONS -fno-check-new -fno-common -Woverloaded-virtual -fno-threadsafe-statics -fvisibility=hidden -Werror=return-type -fvisibility-inlines-hidden  -DHAVE_POPPLER_0_20 -I/usr/include/poppler/qt4 -I/usr/include/poppler -I/usr/include/qt4    -o CMakeFiles/cmTryCompileExec3840788440.dir/src.cxx.o -c /home/kasutaja/Downloads/okulardev/okular/build/CMakeFiles/CMakeTmp/src.cxx
/home/kasutaja/Downloads/okulardev/okular/build/CMakeFiles/CMakeTmp/src.cxx: In function ‘int main()’:
/home/kasutaja/Downloads/okulardev/okular/build/CMakeFiles/CMakeTmp/src.cxx:7:30: warning: unused variable ‘annot’ [-Wunused-variable]
/home/kasutaja/Downloads/okulardev/okular/build/CMakeFiles/CMakeTmp/src.cxx:8:27: warning: unused variable ‘link’ [-Wunused-variable]
/home/kasutaja/Downloads/okulardev/okular/build/CMakeFiles/CMakeTmp/src.cxx:9:39: warning: unused variable ‘operation’ [-Wunused-variable]
Linking CXX executable cmTryCompileExec3840788440
/usr/bin/cmake -E cmake_link_script CMakeFiles/cmTryCompileExec3840788440.dir/link.txt --verbose=1
/usr/bin/c++     -Wnon-virtual-dtor -Wno-long-long -Wundef -Wcast-align -Wchar-subscripts -Wall -W -Wpointer-arith -Wformat-security -fno-exceptions -DQT_NO_EXCEPTIONS -fno-check-new -fno-common -Woverloaded-virtual -fno-threadsafe-statics -fvisibility=hidden -Werror=return-type -fvisibility-inlines-hidden  -DHAVE_POPPLER_0_20    CMakeFiles/cmTryCompileExec3840788440.dir/src.cxx.o  -o cmTryCompileExec3840788440 -rdynamic -lpoppler-qt4 -lQtCore -lQtGui -lQtXml 
make[1]: Leaving directory `/home/kasutaja/Downloads/okulardev/okular/build/CMakeFiles/CMakeTmp'

Source file was:

#include <poppler-qt4.h>
#include <poppler-media.h>

int main()
{
  Poppler::ScreenAnnotation *annot = 0;
  Poppler::LinkRendition *link = 0;
  const Poppler::LinkMovie::Operation operation = Poppler::LinkMovie::Play;
  return 0;
}

Determining if the function IceConnectionNumber exists in the ICE passed with the following output:
Change Dir: /home/kasutaja/Downloads/okulardev/okular/build/CMakeFiles/CMakeTmp

Run Build Command:/usr/bin/make "cmTryCompileExec1823428830/fast"
/usr/bin/make -f CMakeFiles/cmTryCompileExec1823428830.dir/build.make CMakeFiles/cmTryCompileExec1823428830.dir/build
make[1]: Entering directory `/home/kasutaja/Downloads/okulardev/okular/build/CMakeFiles/CMakeTmp'
/usr/bin/cmake -E cmake_progress_report /home/kasutaja/Downloads/okulardev/okular/build/CMakeFiles/CMakeTmp/CMakeFiles 1
Building C object CMakeFiles/cmTryCompileExec1823428830.dir/CheckFunctionExists.c.o
/usr/bin/cc   -DCHECK_FUNCTION_EXISTS=IceConnectionNumber   -o CMakeFiles/cmTryCompileExec1823428830.dir/CheckFunctionExists.c.o   -c /usr/share/cmake-2.8/Modules/CheckFunctionExists.c
Linking C executable cmTryCompileExec1823428830
/usr/bin/cmake -E cmake_link_script CMakeFiles/cmTryCompileExec1823428830.dir/link.txt --verbose=1
/usr/bin/cc     -DCHECK_FUNCTION_EXISTS=IceConnectionNumber    CMakeFiles/cmTryCompileExec1823428830.dir/CheckFunctionExists.c.o  -o cmTryCompileExec1823428830 -rdynamic -lICE 
make[1]: Leaving directory `/home/kasutaja/Downloads/okulardev/okular/build/CMakeFiles/CMakeTmp'


